0xd9145CCE52D386f254917e481eB44e9943F39138

[vm]
from: 0x5B3...eddC4
to: HelloWorld.(constructor)
value: 0 wei
data: 0x608...80033
logs: 0
hash: 0x18d...5c323
status	0x1 Transaction mined and execution succeed
transaction hash	0x18d986ca96cc9b15906fbdafc3d738de8c331653278803cfd3d252f13aa5c323
block hash	0xb71a39743dea5d37650c5b2cbcf2598bbf217acae1a4e75c009d674c0e37a04a
block number	1
contract address	0xd9145CCE52D386f254917e481eB44e9943F39138
from	0x5B38Da6a701c568545dCfcB03FcB875f56beddC4
to	HelloWorld.(constructor)
gas	150495 gas
transaction cost	130891 gas 
execution cost	72121 gas 
input	0x608...80033
decoded input	{}
decoded output	 - 
logs	[]